<?xml version="1.0" encoding="UTF-8"?>
<beans xmlns="http://www.springframework.org/schema/beans"
	xmlns:xsi="http://www.w3.org/2001/XMLSchema-instance" 
	xmlns:ds="http://www.sogou.com/schema/datasource"
	xsi:schemaLocation="http://www.springframework.org/schema/beans http://www.springframework.org/schema/beans/spring-beans-3.1.xsd
	http://www.sogou.com/schema/datasource http://www.sogou.com/schema/datasource/datasource.xsd">

	<!-- Shard Shards Datasources -->
	<bean id="default_shard_ds" class="com.mchange.v2.c3p0.ComboPooledDataSource"
		abstract="true" destroy-method="close">
		<property name="driverClass">
			<value>${datasource.shard.driverClassName}</value>
		</property>
		<property name="user">
			<value>${datasource.shard.username}</value>
		</property>
		<property name="password">
			<value>${datasource.shard.password}</value>
		</property>
		<property name="maxPoolSize">
			<value>${datasource.shard.maxPoolSize}</value>
		</property>
		<property name="minPoolSize">
			<value>${datasource.shard.minPoolSize}</value>
		</property>
		<property name="initialPoolSize">
			<value>${datasource.shard.initialPoolSize}</value>
		</property>
		<property name="idleConnectionTestPeriod">
			<value>${datasource.shard.idleConnectionTestPeriod}</value>
		</property>
		<property name="maxIdleTime">
			<value>${datasource.shard.maxIdleTime}</value>
		</property>
		<property name="checkoutTimeout">
			<value>${datasource.shard.checkoutTimeout}</value>
		</property>
	</bean>

	<ds:datasource id="shardDataSource"
		datasource-prototype="default_shard_ds">
			<ds:group name="shard01">
				<ds:master jdbcUrl="${datasource.shard01}"/>
 				<ds:slave  jdbcUrl="${datasource.shard01.s1}"/>
 				<ds:slave  jdbcUrl="${datasource.shard01.s2}"/>
 			</ds:group>
 			<ds:group name="shard02">
				<ds:master jdbcUrl="${datasource.shard02}"/>
 				<ds:slave  jdbcUrl="${datasource.shard02.s1}"/>
 				<ds:slave  jdbcUrl="${datasource.shard02.s2}"/>
 			</ds:group>
 			<ds:group name="shard03">
				<ds:master jdbcUrl="${datasource.shard03}"/>
 				<ds:slave  jdbcUrl="${datasource.shard03.s1}"/>
 				<ds:slave  jdbcUrl="${datasource.shard03.s2}"/>
 			</ds:group>
 			<ds:group name="shard04">
				<ds:master jdbcUrl="${datasource.shard04}">
				</ds:master>
 				<ds:slave  jdbcUrl="${datasource.shard04.s1}"/>
 				<ds:slave  jdbcUrl="${datasource.shard04.s2}"/>
 			</ds:group>
 			<ds:group name="shard05">
				<ds:master jdbcUrl="${datasource.shard05}"/>
 				<ds:slave  jdbcUrl="${datasource.shard05.s1}"/>
 				<ds:slave  jdbcUrl="${datasource.shard05.s2}"/>
 			</ds:group>
 			<ds:group name="shard06">
				<ds:master jdbcUrl="${datasource.shard06}"/>
 				<ds:slave  jdbcUrl="${datasource.shard06.s1}"/>
 				<ds:slave  jdbcUrl="${datasource.shard06.s2}"/>
 			</ds:group>
 			<ds:group name="shard07">
				<ds:master jdbcUrl="${datasource.shard07}"/>
 				<ds:slave  jdbcUrl="${datasource.shard07.s1}"/>
 				<ds:slave  jdbcUrl="${datasource.shard07.s2}"/>
 			</ds:group>
 			<ds:group name="shard08">
				<ds:master jdbcUrl="${datasource.shard08}"/>
 				<ds:slave  jdbcUrl="${datasource.shard08.s1}"/>
 				<ds:slave  jdbcUrl="${datasource.shard08.s2}"/>
 			</ds:group>
 
 		
			<!-- 心跳探测器 -->
			<ds:availabilityDetector  enabled="true" interval="5" detectPoolSize="16"/>
			<!-- <ds:availabilityDetector interval="5" detectPoolSize="16">
				 不可同时设置重复的attribute和property
				<property name="enabled" value="false"></property>
			</ds:availabilityDetector> -->
			<!-- 心跳探测SQL -->
			<ds:pingStatement value="select 2 from dual" />
			
			<!-- 路由选择器 -->
			<ds:router ref="shardModDataSourceRouterStrategy"/>
			<!-- <ds:router ref="com.sogou.bizdev.compass.core.router.strategy.ModDataSourceRouterStrategy">
				<property name="mod" value="8"></property>8库8表
			</ds:router> -->
			
			<!-- 基于权重进行负载均衡,如不设置默认权重全为1 -->
			<ds:loadbalance loadBalanceStrategy="weightedRandom"/>
 			<!-- <ds:loadbalance class="com.sogou.bizdev.compass.core.selector.loadbalance.strategy.WeightedRandom">
				<property name="weight" value="1"></property>
			</ds:loadbalance> -->
			
			<!-- sql拦截器 -->
			<ds:sqlInterceptor ref="shardSqlInterceptor" />
			<!-- <ds:sqlInterceptor class="com.sogou.bizdev.compass.core.proxyconnection.support.ModSqlInterceptor">
				<property name="shardDataSourceId" value="shardDataSource"></property>解析的数据库
			</ds:sqlInterceptor> -->
 	</ds:datasource>
	 
	
	<bean id="shardModDataSourceRouterStrategy" class="com.sogou.bizdev.compass.core.router.strategy.impl.ModShardDataSourceRouteStrategy">
		<property name="tableCount" value="8"></property><!-- 8库8表 -->
	</bean>
	
	<bean id="shardSqlInterceptor" class="com.sogou.bizdev.compass.core.sqlinterceptor.ModSqlInterceptor">
	</bean>	
	<!-- 配置sql替换符方式的sqlinterceptor -->
	<!-- <bean id="shardSqlInterceptor" class="com.sogou.bizdev.compass.core.proxyconnection.support.PlaceholderSqlInterceptor">
		<property name="shardDataSourceId" value="shardDataSource"></property>解析的数据库
		<property name="placeholder" value="#suffix"></property>
		<property name="pattern" value="_%02d%02d"></property>
	</bean> -->
	
</beans>