<?xml version="1.0" encoding="UTF-8"?>
<beans xmlns="http://www.springframework.org/schema/beans"
	xmlns:xsi="http://www.w3.org/2001/XMLSchema-instance" xmlns:ds="http://www.sogou.com/schema/datasource"
	xsi:schemaLocation="http://www.springframework.org/schema/beans http://www.springframework.org/schema/beans/spring-beans-2.5.xsd
	http://www.sogou.com/schema/datasource http://www.sogou.com/schema/datasource/datasource.xsd">

	<!-- Shards Datasources -->
	<bean id="default_masterslave_ds" class="org.apache.commons.dbcp.BasicDataSource"
		abstract="true" destroy-method="close">
		<property name="driverClassName">
			<value>${datasource.oracle.driverClassName}</value>
		</property>
		<property name="username">
			<value>${datasource.masterslave.username}</value>
		</property>
		<property name="password">
			<value>${datasource.masterslave.password}</value>
		</property>
		<property name="maxActive">
			<value>${datasource.masterslave.maxPoolSize}</value>
		</property>
		<property name="initialSize">
			<value>${datasource.masterslave.initialPoolSize}</value>
		</property>
		<property name="maxIdle">
			<value>${datasource.masterslave.maxIdleTime}</value>
		</property>
	</bean>

	<ds:datasource id="masterslaveDataSource"
		datasource-prototype="default_masterslave_ds">
			<ds:group name="masterslave">
				<ds:master url="${datasource.masterslave}"/>
 				<ds:slave  url="${datasource.masterslave.s1}"/>
 				<ds:slave  url="${datasource.masterslave.s2}"/>
 			</ds:group>
			

			<!-- <ds:availabilityDetector pingStatement="select 1 from dual" /> --><!-- oracle心跳探测语句 -->
			<!-- <ds:datasource.loadbalance loadBalanceStrategy="weightedRandom"/> --><!-- 基于权重进行负载均衡,如不设置默认权重全为1 -->
	 </ds:datasource>

</beans>