<?xml version="1.0" encoding="UTF-8"?>
<beans xmlns="http://www.springframework.org/schema/beans"
	xmlns:xsi="http://www.w3.org/2001/XMLSchema-instance"
	xsi:schemaLocation="http://www.springframework.org/schema/beans http://www.springframework.org/schema/beans/spring-beans-2.5.xsd">
   <bean id="masterslavePropertyConfigurer" class="org.springframework.beans.factory.config.PropertyPlaceholderConfigurer">
      <property name="order" value="1" />
      <property name="ignoreUnresolvablePlaceholders" value="true" />
      <property name="locations">
          <list>
          	  <value>classpath*:masterslave-db-config.properties</value>
          	  <value>classpath*:memcache.properties</value>
          </list>
      </property>
    </bean>

</beans>