<?xml version="1.0" encoding="UTF-8"?>
<beans xmlns="http://www.springframework.org/schema/beans"
	xmlns:xsi="http://www.w3.org/2001/XMLSchema-instance"
	xsi:schemaLocation="http://www.springframework.org/schema/beans http://www.springframework.org/schema/beans/spring-beans-2.5.xsd">

   <bean id="dataSourceJmxAgent" class="com.sogou.bizdev.compass.core.jmx.DataSourceJmxAgent" autowire="byName">
   </bean>
   
    <bean id="dataSourceConnectionManagement" class="com.sogou.bizdev.compass.core.datasource.statistic.manage.DataSourceConnectionManagement" autowire="byName">
   </bean>
   
   <bean id="compassLogHelperManagement" class="com.sogou.bizdev.compass.core.log.manage.CompassLogHelperManagement" autowire="byName">
   </bean>
   
   
   

</beans>