<?xml version="1.0" encoding="UTF-8"?>
<beans xmlns="http://www.springframework.org/schema/beans"
	xmlns:xsi="http://www.w3.org/2001/XMLSchema-instance"
	xsi:schemaLocation="http://www.springframework.org/schema/beans http://www.springframework.org/schema/beans/spring-beans-2.5.xsd">
	
	<bean id="mybatisAccountDao" class="org.mybatis.spring.mapper.MapperFactoryBean">
	  <property name="mapperInterface" value="com.sogou.bizdev.compass.sample.mybatis.masterslave.dao.MybatisAccountDao" />
	  <property name="sqlSessionFactory" ref="masterslaveMybatisSessionFactory" />
	</bean>
	 

	
</beans>